/usr/include/c++/11/bits/basic_string.h:6573:50: missed:   will not early inline: std::basic_istream<_CharT, _Traits>& std::getline(std::basic_istream<_CharT, _Traits>&, std::__cxx11::basic_string<_CharT, _Traits, _Allocator>&) [with _CharT = char; _Traits = std::char_traits<char>; _Alloc = std::allocator<char>]/956->std::basic_ios<_CharT, _Traits>::char_type std::basic_ios<_CharT, _Traits>::widen(char) const [with _CharT = char; _Traits = std::char_traits<char>]/1064, growth 8 exceeds --param early-inlining-insns divided by number of calls
srcVect/csv.hpp:22:7: missed:   will not early inline: CSVIterator::~CSVIterator()/680->CSVRow::~CSVRow()/664, growth 12 exceeds --param early-inlining-insns divided by number of calls
/usr/include/c++/11/bits/alloc_traits.h:464:28: missed:   will not early inline: static _Tp* std::allocator_traits<std::allocator<_CharT> >::allocate(std::allocator_traits<std::allocator<_CharT> >::allocator_type&, std::allocator_traits<std::allocator<_CharT> >::size_type) [with _Tp = int]/1227->_Tp* __gnu_cxx::new_allocator<_Tp>::allocate(__gnu_cxx::new_allocator<_Tp>::size_type, const void*) [with _Tp = int]/1277, growth 5 exceeds --param early-inlining-insns divided by number of calls
/usr/include/c++/11/bits/stl_vector.h:305:26: missed:   will not early inline: std::_Vector_base<_Tp, _Alloc>::_Vector_base(std::size_t, const allocator_type&) [with _Tp = int; _Alloc = std::allocator<int>]/1095->void std::_Vector_base<_Tp, _Alloc>::_M_create_storage(std::size_t) [with _Tp = int; _Alloc = std::allocator<int>]/1171, growth 8 exceeds --param early-inlining-insns divided by number of calls
/usr/include/c++/11/bits/basic_string.h:255:23: missed:   will not early inline: void std::__cxx11::basic_string<_CharT, _Traits, _Alloc>::_M_construct_aux(_InIterator, _InIterator, std::__false_type) [with _InIterator = char*; _CharT = char; _Traits = std::char_traits<char>; _Alloc = std::allocator<char>]/1166->void std::__cxx11::basic_string<_CharT, _Traits, _Alloc>::_M_construct(_InIterator, _InIterator, std::forward_iterator_tag) [with _FwdIterator = char*; _CharT = char; _Traits = std::char_traits<char>; _Alloc = std::allocator<char>]/1235, growth 24 exceeds --param early-inlining-insns
/usr/include/c++/11/bits/vector.tcc:436:14: missed:   will not early inline: void std::vector<_Tp, _Alloc>::_M_realloc_insert(std::vector<_Tp, _Alloc>::iterator, _Args&& ...) [with _Args = {int}; _Tp = int; _Alloc = std::allocator<int>]/1071->std::vector<_Tp, _Alloc>::size_type std::vector<_Tp, _Alloc>::_M_check_len(std::vector<_Tp, _Alloc>::size_type, const char*) const [with _Tp = int; _Alloc = std::allocator<int>]/1150, growth 11 exceeds --param early-inlining-insns divided by number of calls
/usr/include/c++/11/bits/vector.tcc:121:21: missed:   will not early inline: std::vector<_Tp, _Alloc>::reference std::vector<_Tp, _Alloc>::emplace_back(_Args&& ...) [with _Args = {int}; _Tp = int; _Alloc = std::allocator<int>]/960->void std::vector<_Tp, _Alloc>::_M_realloc_insert(std::vector<_Tp, _Alloc>::iterator, _Args&& ...) [with _Args = {int}; _Tp = int; _Alloc = std::allocator<int>]/1071, call is cold and code would grow at least by 39
/usr/include/c++/11/bits/vector.tcc:436:14: missed:   will not early inline: void std::vector<_Tp, _Alloc>::_M_realloc_insert(std::vector<_Tp, _Alloc>::iterator, _Args&& ...) [with _Args = {long unsigned int&}; _Tp = int; _Alloc = std::allocator<int>]/1074->std::vector<_Tp, _Alloc>::size_type std::vector<_Tp, _Alloc>::_M_check_len(std::vector<_Tp, _Alloc>::size_type, const char*) const [with _Tp = int; _Alloc = std::allocator<int>]/1150, growth 11 exceeds --param early-inlining-insns divided by number of calls
/usr/include/c++/11/bits/vector.tcc:121:21: missed:   will not early inline: std::vector<_Tp, _Alloc>::reference std::vector<_Tp, _Alloc>::emplace_back(_Args&& ...) [with _Args = {long unsigned int&}; _Tp = int; _Alloc = std::allocator<int>]/962->void std::vector<_Tp, _Alloc>::_M_realloc_insert(std::vector<_Tp, _Alloc>::iterator, _Args&& ...) [with _Args = {long unsigned int&}; _Tp = int; _Alloc = std::allocator<int>]/1074, call is cold and code would grow at least by 39
srcVect/csv.cpp:29:22: missed:   will not early inline: void CSVRow::readNextRow(std::istream&)/647->std::vector<_Tp, _Alloc>::reference std::vector<_Tp, _Alloc>::emplace_back(_Args&& ...) [with _Args = {long unsigned int&}; _Tp = int; _Alloc = std::allocator<int>]/962, growth 10 exceeds --param early-inlining-insns divided by number of calls
srcVect/csv.cpp:24:24: missed:   will not early inline: void CSVRow::readNextRow(std::istream&)/647->std::vector<_Tp, _Alloc>::reference std::vector<_Tp, _Alloc>::emplace_back(_Args&& ...) [with _Args = {long unsigned int&}; _Tp = int; _Alloc = std::allocator<int>]/962, growth 10 exceeds --param early-inlining-insns divided by number of calls
srcVect/csv.cpp:21:22: missed:   will not early inline: void CSVRow::readNextRow(std::istream&)/647->std::vector<_Tp, _Alloc>::reference std::vector<_Tp, _Alloc>::emplace_back(_Args&& ...) [with _Args = {int}; _Tp = int; _Alloc = std::allocator<int>]/960, growth 10 exceeds --param early-inlining-insns divided by number of calls
srcVect/csv.cpp:18:15: missed:   will not early inline: void CSVRow::readNextRow(std::istream&)/647->std::basic_istream<_CharT, _Traits>& std::getline(std::basic_istream<_CharT, _Traits>&, std::__cxx11::basic_string<_CharT, _Traits, _Allocator>&) [with _CharT = char; _Traits = std::char_traits<char>; _Alloc = std::allocator<char>]/956, growth 9 exceeds --param early-inlining-insns divided by number of calls
srcVect/csv.cpp:33:19: missed:   will not early inline: std::istream& operator>>(std::istream&, CSVRow&)/648->void CSVRow::readNextRow(std::istream&)/647, call is cold and code would grow at least by 28
srcVect/csv.cpp:39:1: missed:   will not early inline: CSVIterator::CSVIterator(std::istream&)/667->CSVRow::~CSVRow()/664, growth 12 exceeds --param early-inlining-insns divided by number of calls
srcVect/csv.cpp:38:11: missed:   will not early inline: CSVIterator::CSVIterator(std::istream&)/667->CSVIterator& CSVIterator::operator++()/672, growth 11 exceeds --param early-inlining-insns divided by number of calls
srcVect/csv.cpp:76:30: missed:   will not early inline: CSVIterator CSVRange::begin() const/702->CSVIterator::CSVIterator(std::istream&)/667, growth 12 exceeds --param early-inlining-insns divided by number of calls
srcVect/csv.hpp:9:7: missed:   will not early inline: CSVRow::CSVRow(const CSVRow&)/674->std::vector<_Tp, _Alloc>::vector(const std::vector<_Tp, _Alloc>&) [with _Tp = int; _Alloc = std::allocator<int>]/984, growth 15 exceeds --param early-inlining-insns
srcVect/csv.hpp:22:7: missed:   will not early inline: CSVIterator::CSVIterator(const CSVIterator&)/677->CSVRow::CSVRow(const CSVRow&)/674, call is cold and code would grow at least by 17
srcVect/csv.cpp:54:11: missed:   will not early inline: CSVIterator CSVIterator::operator++(int)/694->CSVIterator& CSVIterator::operator++()/672, growth 11 exceeds --param early-inlining-insns divided by number of calls
/usr/include/c++/11/bits/basic_string.h:6573:26: missed:   not inlinable: getline.isra/1577 -> std::basic_istream<_CharT, _Traits>& std::getline(std::basic_istream<_CharT, _Traits>&, std::__cxx11::basic_string<_CharT, _Traits, _Allocator>&, _CharT) [with _CharT = char; _Traits = std::char_traits<char>; _Alloc = std::allocator<char>]/1473, function body not available
/usr/include/c++/11/bits/basic_ios.h:50:18: missed:   not inlinable: widen.isra/1574 -> void std::__throw_bad_cast()/1474, function body not available
/usr/include/c++/11/bits/stl_vector.h:1759:24: missed:   not inlinable: _M_check_len.isra/1573 -> void std::__throw_length_error(const char*)/1476, function body not available
/usr/include/c++/11/bits/basic_string.tcc:212:28: missed:   not inlinable: _M_construct.isra/1572 -> void std::__throw_logic_error(const char*)/1483, function body not available
/usr/include/c++/11/bits/basic_string.tcc:219:13: missed:   not inlinable: _M_construct.isra/1572 -> std::__cxx11::basic_string<_CharT, _Traits, _Alloc>::pointer std::__cxx11::basic_string<_CharT, _Traits, _Alloc>::_M_create(std::__cxx11::basic_string<_CharT, _Traits, _Alloc>::size_type&, std::__cxx11::basic_string<_CharT, _Traits, _Alloc>::size_type) [with _CharT = char; _Traits = std::char_traits<char>; _Alloc = std::allocator<char>]/1484, function body not available
/usr/include/c++/11/ext/new_allocator.h:111:22: missed:   not inlinable: allocate.isra/1571 -> long int __builtin_expect(long int, long int)/1477, function body not available
/usr/include/c++/11/ext/new_allocator.h:116:41: missed:   not inlinable: allocate.isra/1571 -> void std::__throw_bad_array_new_length()/1478, function body not available
/usr/include/c++/11/ext/new_allocator.h:117:28: missed:   not inlinable: allocate.isra/1571 -> void std::__throw_bad_alloc()/1479, function body not available
/usr/include/c++/11/ext/new_allocator.h:127:41: missed:   not inlinable: allocate.isra/1571 -> void* operator new(std::size_t)/1480, function body not available
/usr/include/c++/11/bits/locale_facets.h:879:21: missed:   not inlinable: std::ctype<char>::char_type std::ctype<char>::_ZNKSt5ctypeIcE5widenEc.part.0(char) const/1495 -> void std::ctype<char>::_M_widen_init() const/1475, function body not available
/usr/include/c++/11/bits/char_traits.h:437:49: missed:   not inlinable: static void std::__cxx11::basic_string<_CharT, _Traits, _Alloc>::_S_copy(_CharT*, const _CharT*, std::__cxx11::basic_string<_CharT, _Traits, _Alloc>::size_type) [with _CharT = char; _Traits = std::char_traits<char>; _Alloc = std::allocator<char>]/1494 -> void* __builtin_memcpy(void*, const void*, long unsigned int)/1489, function body not available
/usr/include/c++/11/ext/new_allocator.h:145:19: missed:   not inlinable: void std::vector<_Tp, _Alloc>::_M_realloc_insert(std::vector<_Tp, _Alloc>::iterator, _Args&& ...) [with _Args = {long unsigned int&}; _Tp = int; _Alloc = std::allocator<int>]/1074 -> void operator delete(void*, std::size_t)/1482, function body not available
/usr/include/c++/11/bits/stl_uninitialized.h:1011:19: missed:   not inlinable: void std::vector<_Tp, _Alloc>::_M_realloc_insert(std::vector<_Tp, _Alloc>::iterator, _Args&& ...) [with _Args = {long unsigned int&}; _Tp = int; _Alloc = std::allocator<int>]/1074 -> void* __builtin_memcpy(void*, const void*, long unsigned int)/1489, function body not available
/usr/include/c++/11/bits/stl_uninitialized.h:1011:19: missed:   not inlinable: void std::vector<_Tp, _Alloc>::_M_realloc_insert(std::vector<_Tp, _Alloc>::iterator, _Args&& ...) [with _Args = {long unsigned int&}; _Tp = int; _Alloc = std::allocator<int>]/1074 -> void* __builtin_memmove(void*, const void*, long unsigned int)/1481, function body not available
/usr/include/c++/11/ext/new_allocator.h:145:19: missed:   not inlinable: void std::vector<_Tp, _Alloc>::_M_realloc_insert(std::vector<_Tp, _Alloc>::iterator, _Args&& ...) [with _Args = {int}; _Tp = int; _Alloc = std::allocator<int>]/1071 -> void operator delete(void*, std::size_t)/1482, function body not available
/usr/include/c++/11/bits/stl_uninitialized.h:1011:19: missed:   not inlinable: void std::vector<_Tp, _Alloc>::_M_realloc_insert(std::vector<_Tp, _Alloc>::iterator, _Args&& ...) [with _Args = {int}; _Tp = int; _Alloc = std::allocator<int>]/1071 -> void* __builtin_memcpy(void*, const void*, long unsigned int)/1489, function body not available
/usr/include/c++/11/bits/stl_uninitialized.h:1011:19: missed:   not inlinable: void std::vector<_Tp, _Alloc>::_M_realloc_insert(std::vector<_Tp, _Alloc>::iterator, _Args&& ...) [with _Args = {int}; _Tp = int; _Alloc = std::allocator<int>]/1071 -> void* __builtin_memmove(void*, const void*, long unsigned int)/1481, function body not available
/usr/include/c++/11/bits/stl_algobase.h:431:23: missed:   not inlinable: std::vector<_Tp, _Alloc>::vector(const std::vector<_Tp, _Alloc>&) [with _Tp = int; _Alloc = std::allocator<int>]/984 -> void* __builtin_memmove(void*, const void*, long unsigned int)/1481, function body not available
srcVect/csv.hpp:22:7: missed:   not inlinable: CSVIterator CSVIterator::operator++(int)/694 -> CSVRow::~CSVRow()/665, call is unlikely and code size would grow
/usr/include/c++/11/ext/new_allocator.h:145:19: missed:   not inlinable: CSVRow::CSVRow(const CSVRow&)/674 -> void operator delete(void*, std::size_t)/1482, function body not available
srcVect/csv.cpp:39:1: missed:   not inlinable: CSVIterator::CSVIterator(std::istream&)/667 -> CSVRow::~CSVRow()/665, call is unlikely and code size would grow
/usr/include/c++/11/ext/new_allocator.h:145:19: missed:   not inlinable: CSVRow::~CSVRow()/664 -> void operator delete(void*, std::size_t)/1482, function body not available
/usr/include/c++/11/ext/new_allocator.h:145:19: missed:   not inlinable: CSVRow::~CSVRow()/664 -> void operator delete(void*, std::size_t)/1482, function body not available
srcVect/csv.cpp:23:28: missed:   not inlinable: void CSVRow::readNextRow(std::istream&)/647 -> std::__cxx11::basic_string<_CharT, _Traits, _Alloc>::size_type std::__cxx11::basic_string<_CharT, _Traits, _Alloc>::find(_CharT, std::__cxx11::basic_string<_CharT, _Traits, _Alloc>::size_type) const [with _CharT = char; _Traits = std::char_traits<char>; _Alloc = std::allocator<char>]/1472, function body not available
srcVect/csv.cpp:33:19: missed:   not inlinable: CSVIterator& CSVIterator::operator++()/672 -> void CSVRow::readNextRow(std::istream&)/647, --param max-inline-insns-auto limit reached
srcVect/csv.cpp:33:19: missed:   not inlinable: std::istream& operator>>(std::istream&, CSVRow&)/648 -> void CSVRow::readNextRow(std::istream&)/647, --param max-inline-insns-auto limit reached
/usr/include/c++/11/bits/vector.tcc:121:21: missed:   not inlinable: emplace_back.isra/1576 -> void std::vector<_Tp, _Alloc>::_M_realloc_insert(std::vector<_Tp, _Alloc>::iterator, _Args&& ...) [with _Args = {int}; _Tp = int; _Alloc = std::allocator<int>]/1071, --param max-inline-insns-auto limit reached
/usr/include/c++/11/bits/vector.tcc:121:21: missed:   not inlinable: emplace_back.isra/1575 -> void std::vector<_Tp, _Alloc>::_M_realloc_insert(std::vector<_Tp, _Alloc>::iterator, _Args&& ...) [with _Args = {long unsigned int&}; _Tp = int; _Alloc = std::allocator<int>]/1074, --param max-inline-insns-auto limit reached
/usr/include/c++/11/ext/new_allocator.h:145:19: missed: statement clobbers memory: operator delete (_8, _11);
/usr/include/c++/11/ext/new_allocator.h:145:19: missed: statement clobbers memory: operator delete (_4, _7);
/usr/include/c++/11/ext/new_allocator.h:127:41: missed: statement clobbers memory: _64 = operator new (prephitmp_55);
/usr/include/c++/11/bits/stl_uninitialized.h:1011:19: missed: statement clobbers memory: __builtin_memmove (iftmp.10_35, _46, _1);
/usr/include/c++/11/bits/stl_uninitialized.h:1011:19: missed: statement clobbers memory: __builtin_memcpy (_61, __position_3, _89);
/usr/include/c++/11/ext/new_allocator.h:145:19: missed: statement clobbers memory: operator delete (_46, _28);
/usr/include/c++/11/bits/stl_vector.h:1759:24: missed: statement clobbers memory: std::__throw_length_error ("vector::_M_realloc_insert");
/usr/include/c++/11/ext/new_allocator.h:127:41: missed: statement clobbers memory: _65 = operator new (prephitmp_87);
/usr/include/c++/11/bits/stl_uninitialized.h:1011:19: missed: statement clobbers memory: __builtin_memmove (iftmp.10_36, _47, _1);
/usr/include/c++/11/bits/stl_uninitialized.h:1011:19: missed: statement clobbers memory: __builtin_memcpy (_90, __position_3, _92);
/usr/include/c++/11/ext/new_allocator.h:145:19: missed: statement clobbers memory: operator delete (_47, _28);
/usr/include/c++/11/bits/stl_vector.h:1759:24: missed: statement clobbers memory: std::__throw_length_error ("vector::_M_realloc_insert");
/usr/include/c++/11/bits/vector.tcc:121:21: missed: statement clobbers memory: std::vector<int>::_M_realloc_insert<long unsigned int&> (_2, D.60920, &pos);
/usr/include/c++/11/bits/vector.tcc:121:21: missed: statement clobbers memory: std::vector<int>::_M_realloc_insert<long unsigned int&> (_2, D.60916, &pos);
/usr/include/c++/11/bits/vector.tcc:121:21: missed: statement clobbers memory: std::vector<int>::_M_realloc_insert<int> (_2, D.60912, &D.52562);
srcVect/csv.cpp:23:40: missed: couldn't vectorize loop
srcVect/csv.cpp:23:40: missed: not vectorized: control flow in loop.
srcVect/csv.cpp:23:28: missed: statement clobbers memory: _6 = std::__cxx11::basic_string<char>::find (_1, 44, prephitmp_66);
/usr/include/c++/11/bits/locale_facets.h:879:21: missed: statement clobbers memory: std::ctype<char>::_M_widen_init (_35);
/usr/include/c++/11/bits/locale_facets.h:880:23: missed: statement clobbers memory: _52 = OBJ_TYPE_REF(_46;_35->6) (_35, 10);
/usr/include/c++/11/bits/basic_string.h:6573:26: missed: statement clobbers memory: std::getline<char, std::char_traits<char>, std::allocator<char> > (str_10(D), _1, prephitmp_73);
/usr/include/c++/11/bits/vector.tcc:121:21: missed: statement clobbers memory: std::vector<int>::_M_realloc_insert<int> (_2, D.60912, &D.52562);
srcVect/csv.cpp:23:28: missed: statement clobbers memory: _6 = std::__cxx11::basic_string<char>::find (_1, 44, prephitmp_66);
/usr/include/c++/11/bits/vector.tcc:121:21: missed: statement clobbers memory: std::vector<int>::_M_realloc_insert<long unsigned int&> (_2, D.60920, &pos);
/usr/include/c++/11/bits/vector.tcc:121:21: missed: statement clobbers memory: std::vector<int>::_M_realloc_insert<long unsigned int&> (_2, D.60916, &pos);
/usr/include/c++/11/bits/basic_ios.h:50:18: missed: statement clobbers memory: std::__throw_bad_cast ();
srcVect/csv.cpp:33:19: missed: statement clobbers memory: CSVRow::readNextRow (data_2(D), str_3(D));
srcVect/csv.cpp:33:19: missed: statement clobbers memory: CSVRow::readNextRow (_2, _1);
srcVect/csv.cpp:33:19: missed: not vectorized: statement can throw an exception: CSVRow::readNextRow (_12, _1);
srcVect/csv.cpp:39:1: missed: statement clobbers memory: CSVRow::~CSVRow (_12);
srcVect/csv.cpp:33:19: missed: not vectorized: statement can throw an exception: CSVRow::readNextRow (_5, str_10(D));
srcVect/csv.cpp:39:1: missed: statement clobbers memory: CSVRow::~CSVRow (_5);
srcVect/csv.cpp:52:13: missed: splitting region at control altering definition _60 = operator new (_52);
/usr/include/c++/11/bits/basic_string.tcc:219:13: missed: statement clobbers memory: _44 = std::__cxx11::basic_string<char>::_M_create (_6, &__dnew, 0);
/usr/include/c++/11/bits/char_traits.h:437:49: missed: statement clobbers memory: __builtin_memcpy (_56, _21, _22);
/usr/include/c++/11/ext/new_allocator.h:127:41: missed: not vectorized: statement can throw an exception: _60 = operator new (_52);
/usr/include/c++/11/bits/stl_vector.h:98:4: missed: splitting region at dominance boundary bb35
/usr/include/c++/11/bits/stl_vector.h:98:4: missed: splitting region at dominance boundary bb19
/usr/include/c++/11/bits/stl_vector.h:98:4: missed: splitting region at dominance boundary bb13
/usr/include/c++/11/bits/stl_algobase.h:431:23: missed: statement clobbers memory: __builtin_memmove (iftmp.10_53, _37, _39);
srcVect/csv.cpp:33:19: missed: not vectorized: statement can throw an exception: CSVRow::readNextRow (_12, _11);
srcVect/csv.hpp:22:7: missed: statement clobbers memory: CSVRow::~CSVRow (_6);
/usr/include/c++/11/bits/stl_vector.h:361:25: missed: splitting region at dominance boundary bb25
/usr/include/c++/11/ext/new_allocator.h:117:28: missed: not vectorized: statement can throw an exception: std::__throw_bad_alloc ();
/usr/include/c++/11/ext/new_allocator.h:116:41: missed: not vectorized: statement can throw an exception: std::__throw_bad_array_new_length ();
/usr/include/c++/11/ext/new_allocator.h:116:41: missed: splitting region at dominance boundary bb3
/usr/include/c++/11/ext/new_allocator.h:145:19: missed: statement clobbers memory: operator delete (_26, _28);
/usr/include/c++/11/bits/basic_string.tcc:212:28: missed: statement clobbers memory: std::__throw_logic_error ("basic_string::_M_construct null not valid");
/usr/include/c++/11/fstream:573:7: missed:   will not early inline: std::basic_ifstream<_CharT, _Traits>::basic_ifstream(const string&, std::ios_base::openmode) [with _CharT = char; _Traits = std::char_traits<char>]/1027->std::basic_filebuf<_CharT, _Traits>::~basic_filebuf() [with _CharT = char; _Traits = std::char_traits<char>]/1189, call is cold and code would grow at least by 18
/usr/include/c++/11/fstream:572:12: missed:   will not early inline: std::basic_ifstream<_CharT, _Traits>::basic_ifstream(const string&, std::ios_base::openmode) [with _CharT = char; _Traits = std::char_traits<char>]/1027->void std::basic_ifstream<_CharT, _Traits>::open(const string&, std::ios_base::openmode) [with _CharT = char; _Traits = std::char_traits<char>]/1192, growth 12 exceeds --param early-inlining-insns divided by number of calls
/usr/include/c++/11/fstream:605:9: missed:   will not early inline: std::basic_ifstream<_CharT, _Traits>::~basic_ifstream() [with _CharT = char; _Traits = std::char_traits<char>]/1030->std::basic_filebuf<_CharT, _Traits>::~basic_filebuf() [with _CharT = char; _Traits = std::char_traits<char>]/1189, call is cold and code would grow at least by 18
