/usr/include/c++/11/bits/stl_vector.h:98:4: optimized: basic block part vectorized using 16 byte vectors
/usr/include/c++/11/bits/stl_vector.h:98:4: optimized: basic block part vectorized using 16 byte vectors
/usr/include/c++/11/bits/vector.tcc:502:30: optimized: basic block part vectorized using 16 byte vectors
/usr/include/c++/11/bits/vector.tcc:502:30: optimized: basic block part vectorized using 16 byte vectors
/usr/include/c++/11/bits/stl_vector.h:98:4: optimized: basic block part vectorized using 16 byte vectors
srcVect/csv.cpp:37:47: optimized: basic block part vectorized using 16 byte vectors
/usr/include/c++/11/bits/stl_vector.h:98:4: optimized: basic block part vectorized using 16 byte vectors
/usr/include/c++/11/bits/stl_vector.h:98:4: optimized: basic block part vectorized using 16 byte vectors
srcVect/csv.cpp:37:47: optimized: basic block part vectorized using 16 byte vectors
/usr/include/c++/11/bits/stl_vector.h:98:4: optimized: basic block part vectorized using 16 byte vectors
srcVect/csv.hpp:22:7: optimized: basic block part vectorized using 16 byte vectors
/usr/include/c++/11/bits/stl_vector.h:98:4: optimized: basic block part vectorized using 16 byte vectors
/usr/include/c++/11/bits/stl_vector.h:361:25: optimized: basic block part vectorized using 16 byte vectors
/usr/include/c++/11/bits/stl_pair.h:353:4: optimized: basic block part vectorized using 16 byte vectors
/usr/include/c++/11/bits/vector.tcc:502:30: optimized: basic block part vectorized using 16 byte vectors
/usr/include/c++/11/bits/basic_ios.h:462:2: optimized: basic block part vectorized using 16 byte vectors
srcVect/matrix.hpp:38:53: optimized: basic block part vectorized using 16 byte vectors
/usr/include/c++/11/bits/stl_vector.h:98:4: optimized: basic block part vectorized using 16 byte vectors
srcVect/fires.cpp:38:56: optimized: basic block part vectorized using 16 byte vectors
/usr/include/c++/11/bits/stl_vector.h:98:4: optimized: basic block part vectorized using 16 byte vectors
/usr/include/c++/11/bits/stl_vector.h:361:25: optimized: basic block part vectorized using 16 byte vectors
/usr/include/c++/11/bits/stl_vector.h:98:4: optimized: basic block part vectorized using 16 byte vectors
/usr/include/c++/11/bits/stl_pair.h:353:4: optimized: basic block part vectorized using 16 byte vectors
/usr/include/c++/11/bits/vector.tcc:502:30: optimized: basic block part vectorized using 16 byte vectors
/usr/include/c++/11/bits/basic_ios.h:462:2: optimized: basic block part vectorized using 16 byte vectors
/usr/include/c++/11/bits/stl_vector.h:98:4: optimized: basic block part vectorized using 16 byte vectors
/usr/include/c++/11/bits/stl_pair.h:353:4: optimized: basic block part vectorized using 16 byte vectors
srcVect/landscape.cpp:8:7: optimized: basic block part vectorized using 16 byte vectors
/usr/include/c++/11/bits/stl_vector.h:98:4: optimized: basic block part vectorized using 16 byte vectors
/usr/include/c++/11/bits/stl_vector.h:361:25: optimized: basic block part vectorized using 16 byte vectors
srcVect/landscape.cpp:7:1: optimized: basic block part vectorized using 16 byte vectors
srcVect/landscape.cpp:7:1: optimized: basic block part vectorized using 16 byte vectors
srcVect/matrix.hpp:7:53: optimized: basic block part vectorized using 16 byte vectors
/usr/include/c++/11/bits/stl_vector.h:361:25: optimized: basic block part vectorized using 16 byte vectors
/usr/include/c++/11/bits/basic_ios.h:462:2: optimized: basic block part vectorized using 16 byte vectors
srcVect/landscape.cpp:10:1: optimized: basic block part vectorized using 16 byte vectors
srcVect/landscape.cpp:10:1: optimized: basic block part vectorized using 16 byte vectors
srcVect/matrix.hpp:3:30: optimized: basic block part vectorized using 16 byte vectors
/usr/include/c++/11/bits/stl_vector.h:111:13: optimized: basic block part vectorized using 16 byte vectors
/usr/include/c++/11/bits/basic_ios.h:462:2: optimized: basic block part vectorized using 16 byte vectors
srcVect/matrix.hpp:7:53: optimized: basic block part vectorized using 16 byte vectors
/usr/include/c++/11/bits/stl_vector.h:98:4: optimized: basic block part vectorized using 16 byte vectors
/usr/include/c++/11/bits/stl_vector.h:361:25: optimized: basic block part vectorized using 16 byte vectors
/usr/include/c++/11/bits/vector.tcc:502:30: optimized: basic block part vectorized using 16 byte vectors
/usr/include/c++/11/bits/vector.tcc:502:30: optimized: basic block part vectorized using 16 byte vectors
/usr/include/c++/11/bits/vector.tcc:502:30: optimized: basic block part vectorized using 16 byte vectors
srcVect/spread_functions.cpp:108:57: optimized: loop vectorized using 16 byte vectors
/usr/include/c++/11/bits/stl_vector.h:98:4: optimized: basic block part vectorized using 16 byte vectors
/usr/include/c++/11/bits/stl_vector.h:98:4: optimized: basic block part vectorized using 16 byte vectors
srcVect/matrix.hpp:38:53: optimized: basic block part vectorized using 16 byte vectors
srcVect/spread_functions.cpp:75:19: optimized: basic block part vectorized using 16 byte vectors
srcVect/spread_functions.cpp:78:17: optimized: basic block part vectorized using 16 byte vectors
/usr/include/c++/11/bits/stl_pair.h:353:4: optimized: basic block part vectorized using 16 byte vectors
/usr/include/c++/11/bits/stl_pair.h:353:4: optimized: basic block part vectorized using 16 byte vectors
/usr/include/c++/11/bits/stl_pair.h:353:4: optimized: basic block part vectorized using 16 byte vectors
srcVect/spread_functions.cpp:163:67: optimized: basic block part vectorized using 16 byte vectors
/usr/include/c++/11/bits/stl_vector.h:98:4: optimized: basic block part vectorized using 16 byte vectors
/usr/include/c++/11/bits/stl_vector.h:361:25: optimized: basic block part vectorized using 16 byte vectors
/usr/include/c++/11/bits/stl_vector.h:98:4: optimized: basic block part vectorized using 16 byte vectors
/usr/include/c++/11/bits/stl_vector.h:361:25: optimized: basic block part vectorized using 16 byte vectors
graphics/burned_probabilities_data.cpp:36:22: optimized: basic block part vectorized using 16 byte vectors
graphics/fire_animation_data.cpp:35:22: optimized: basic block part vectorized using 16 byte vectors
/usr/include/c++/11/bits/stl_vector.h:98:4: optimized: basic block part vectorized using 16 byte vectors
/usr/include/c++/11/bits/stl_vector.h:98:4: optimized: basic block part vectorized using 16 byte vectors
/usr/include/c++/11/bits/vector.tcc:502:30: optimized: basic block part vectorized using 16 byte vectors
/usr/include/c++/11/bits/vector.tcc:502:30: optimized: basic block part vectorized using 16 byte vectors
/usr/include/c++/11/bits/stl_vector.h:98:4: optimized: basic block part vectorized using 16 byte vectors
srcVect/csv.cpp:37:47: optimized: basic block part vectorized using 16 byte vectors
/usr/include/c++/11/bits/stl_vector.h:98:4: optimized: basic block part vectorized using 16 byte vectors
/usr/include/c++/11/bits/stl_vector.h:98:4: optimized: basic block part vectorized using 16 byte vectors
srcVect/csv.cpp:37:47: optimized: basic block part vectorized using 16 byte vectors
/usr/include/c++/11/bits/stl_vector.h:98:4: optimized: basic block part vectorized using 16 byte vectors
srcVect/csv.hpp:22:7: optimized: basic block part vectorized using 16 byte vectors
/usr/include/c++/11/bits/stl_vector.h:98:4: optimized: basic block part vectorized using 16 byte vectors
/usr/include/c++/11/bits/stl_vector.h:361:25: optimized: basic block part vectorized using 16 byte vectors
/usr/include/c++/11/bits/stl_pair.h:353:4: optimized: basic block part vectorized using 16 byte vectors
/usr/include/c++/11/bits/vector.tcc:502:30: optimized: basic block part vectorized using 16 byte vectors
/usr/include/c++/11/bits/basic_ios.h:462:2: optimized: basic block part vectorized using 16 byte vectors
srcVect/matrix.hpp:38:53: optimized: basic block part vectorized using 16 byte vectors
/usr/include/c++/11/bits/stl_vector.h:98:4: optimized: basic block part vectorized using 16 byte vectors
srcVect/fires.cpp:38:56: optimized: basic block part vectorized using 16 byte vectors
/usr/include/c++/11/bits/stl_vector.h:98:4: optimized: basic block part vectorized using 16 byte vectors
/usr/include/c++/11/bits/stl_vector.h:361:25: optimized: basic block part vectorized using 16 byte vectors
/usr/include/c++/11/bits/stl_vector.h:98:4: optimized: basic block part vectorized using 16 byte vectors
/usr/include/c++/11/bits/stl_pair.h:353:4: optimized: basic block part vectorized using 16 byte vectors
/usr/include/c++/11/bits/vector.tcc:502:30: optimized: basic block part vectorized using 16 byte vectors
/usr/include/c++/11/bits/basic_ios.h:462:2: optimized: basic block part vectorized using 16 byte vectors
/usr/include/c++/11/bits/stl_vector.h:98:4: optimized: basic block part vectorized using 16 byte vectors
/usr/include/c++/11/bits/stl_pair.h:353:4: optimized: basic block part vectorized using 16 byte vectors
srcVect/landscape.cpp:8:7: optimized: basic block part vectorized using 16 byte vectors
/usr/include/c++/11/bits/stl_vector.h:98:4: optimized: basic block part vectorized using 16 byte vectors
/usr/include/c++/11/bits/stl_vector.h:361:25: optimized: basic block part vectorized using 16 byte vectors
srcVect/landscape.cpp:7:1: optimized: basic block part vectorized using 16 byte vectors
srcVect/landscape.cpp:7:1: optimized: basic block part vectorized using 16 byte vectors
srcVect/matrix.hpp:7:53: optimized: basic block part vectorized using 16 byte vectors
/usr/include/c++/11/bits/stl_vector.h:361:25: optimized: basic block part vectorized using 16 byte vectors
/usr/include/c++/11/bits/basic_ios.h:462:2: optimized: basic block part vectorized using 16 byte vectors
srcVect/landscape.cpp:10:1: optimized: basic block part vectorized using 16 byte vectors
srcVect/landscape.cpp:10:1: optimized: basic block part vectorized using 16 byte vectors
srcVect/matrix.hpp:3:30: optimized: basic block part vectorized using 16 byte vectors
/usr/include/c++/11/bits/stl_vector.h:111:13: optimized: basic block part vectorized using 16 byte vectors
/usr/include/c++/11/bits/basic_ios.h:462:2: optimized: basic block part vectorized using 16 byte vectors
srcVect/matrix.hpp:7:53: optimized: basic block part vectorized using 16 byte vectors
/usr/include/c++/11/bits/stl_vector.h:98:4: optimized: basic block part vectorized using 16 byte vectors
/usr/include/c++/11/bits/stl_vector.h:361:25: optimized: basic block part vectorized using 16 byte vectors
/usr/include/c++/11/bits/vector.tcc:502:30: optimized: basic block part vectorized using 16 byte vectors
/usr/include/c++/11/bits/vector.tcc:502:30: optimized: basic block part vectorized using 16 byte vectors
/usr/include/c++/11/bits/vector.tcc:502:30: optimized: basic block part vectorized using 16 byte vectors
srcVect/spread_functions.cpp:116:57: optimized: loop vectorized using 16 byte vectors
/usr/include/c++/11/bits/stl_vector.h:98:4: optimized: basic block part vectorized using 16 byte vectors
/usr/include/c++/11/bits/stl_vector.h:98:4: optimized: basic block part vectorized using 16 byte vectors
srcVect/matrix.hpp:38:53: optimized: basic block part vectorized using 16 byte vectors
srcVect/spread_functions.cpp:76:19: optimized: basic block part vectorized using 16 byte vectors
srcVect/spread_functions.cpp:79:17: optimized: basic block part vectorized using 16 byte vectors
/usr/include/c++/11/bits/stl_pair.h:353:4: optimized: basic block part vectorized using 16 byte vectors
/usr/include/c++/11/bits/stl_pair.h:353:4: optimized: basic block part vectorized using 16 byte vectors
/usr/include/c++/11/bits/stl_pair.h:353:4: optimized: basic block part vectorized using 16 byte vectors
srcVect/spread_functions.cpp:191:67: optimized: basic block part vectorized using 16 byte vectors
/usr/include/c++/11/bits/stl_vector.h:98:4: optimized: basic block part vectorized using 16 byte vectors
/usr/include/c++/11/bits/stl_vector.h:361:25: optimized: basic block part vectorized using 16 byte vectors
/usr/include/c++/11/bits/stl_vector.h:98:4: optimized: basic block part vectorized using 16 byte vectors
/usr/include/c++/11/bits/stl_vector.h:361:25: optimized: basic block part vectorized using 16 byte vectors
graphics/burned_probabilities_data.cpp:36:22: optimized: basic block part vectorized using 16 byte vectors
graphics/fire_animation_data.cpp:35:22: optimized: basic block part vectorized using 16 byte vectors
