srcVect/spread_functions.cpp:163:67: missed:   will not early inline: Fire simulate_fire(const Landscape&, const std::vector<std::pair<unsigned int, unsigned int> >&, SimulationParams, float, float, float, float)/2216->std::vector<_Tp, _Alloc>::vector(const std::vector<_Tp, _Alloc>&) [with _Tp = unsigned int; _Alloc = std::allocator<unsigned int>]/2583, call is cold and code would grow at least by 11
srcVect/spread_functions.cpp:163:67: missed:   will not early inline: Fire simulate_fire(const Landscape&, const std::vector<std::pair<unsigned int, unsigned int> >&, SimulationParams, float, float, float, float)/2216->std::vector<_Tp, _Alloc>::vector(const std::vector<_Tp, _Alloc>&) [with _Tp = std::pair<unsigned int, unsigned int>; _Alloc = std::allocator<std::pair<unsigned int, unsigned int> >]/2580, call is cold and code would grow at least by 10
srcVect/spread_functions.cpp:159:31: missed:   will not early inline: Fire simulate_fire(const Landscape&, const std::vector<std::pair<unsigned int, unsigned int> >&, SimulationParams, float, float, float, float)/2216->void std::vector<_Tp, _Alloc>::push_back(const value_type&) [with _Tp = unsigned int; _Alloc = std::allocator<unsigned int>]/2564, growth 9 exceeds --param early-inlining-insns
srcVect/spread_functions.cpp:148:52: missed:   will not early inline: Fire simulate_fire(const Landscape&, const std::vector<std::pair<unsigned int, unsigned int> >&, SimulationParams, float, float, float, float)/2216->Matrix<bool>::SmartReference& Matrix<bool>::SmartReference::operator=(const bool&)/658, call is cold and code would grow at least by 11
srcVect/spread_functions.cpp:122:65: missed:   will not early inline: Fire simulate_fire(const Landscape&, const std::vector<std::pair<unsigned int, unsigned int> >&, SimulationParams, float, float, float, float)/2216->Matrix<bool>::SmartReference::operator bool() const/657, call is cold and code would grow at least by 9
srcVect/spread_functions.cpp:72:38: missed:   will not early inline: Fire simulate_fire(const Landscape&, const std::vector<std::pair<unsigned int, unsigned int> >&, SimulationParams, float, float, float, float)/2216->Matrix<bool>::SmartReference& Matrix<bool>::SmartReference::operator=(const bool&)/658, call is cold and code would grow at least by 11
srcVect/spread_functions.cpp:67:54: missed:   will not early inline: Fire simulate_fire(const Landscape&, const std::vector<std::pair<unsigned int, unsigned int> >&, SimulationParams, float, float, float, float)/2216->Matrix<bool>::Matrix(unsigned int, unsigned int)/654, growth 4 exceeds --param early-inlining-insns divided by number of calls
srcVect/spread_functions.cpp:63:29: missed:   will not early inline: Fire simulate_fire(const Landscape&, const std::vector<std::pair<unsigned int, unsigned int> >&, SimulationParams, float, float, float, float)/2216->void std::vector<_Tp, _Alloc>::push_back(const value_type&) [with _Tp = unsigned int; _Alloc = std::allocator<unsigned int>]/2564, growth 9 exceeds --param early-inlining-insns
srcVect/spread_functions.cpp:59:25: missed:   will not early inline: Fire simulate_fire(const Landscape&, const std::vector<std::pair<unsigned int, unsigned int> >&, SimulationParams, float, float, float, float)/2216->void std::vector<_Tp, _Alloc>::push_back(const value_type&) [with _Tp = std::pair<unsigned int, unsigned int>; _Alloc = std::allocator<std::pair<unsigned int, unsigned int> >]/2563, growth 9 exceeds --param early-inlining-insns
srcVect/spread_functions.cpp:161:107: missed:   not inlinable: Fire simulate_fire(const Landscape&, const std::vector<std::pair<unsigned int, unsigned int> >&, SimulationParams, float, float, float, float)/2216 -> double omp_get_wtime()/3361, function body not available
srcVect/spread_functions.cpp:142:34: missed:   not inlinable: Fire simulate_fire(const Landscape&, const std::vector<std::pair<unsigned int, unsigned int> >&, SimulationParams, float, float, float, float)/2216 -> int rand()/3363, function body not available
srcVect/spread_functions.cpp:131:35: missed:   not inlinable: Fire simulate_fire(const Landscape&, const std::vector<std::pair<unsigned int, unsigned int> >&, SimulationParams, float, float, float, float)/2216 -> float spread_probability(const Cell&, const Cell&, float, float, float, float, float, float, float, float, float, float, float, float, float, float)/2182, function not inline candidate
srcVect/spread_functions.cpp:120:71: missed:   not inlinable: Fire simulate_fire(const Landscape&, const std::vector<std::pair<unsigned int, unsigned int> >&, SimulationParams, float, float, float, float)/2216 -> Cell Landscape::operator[](std::pair<unsigned int, unsigned int>) const/3362, function body not available
srcVect/spread_functions.cpp:95:78: missed:   not inlinable: Fire simulate_fire(const Landscape&, const std::vector<std::pair<unsigned int, unsigned int> >&, SimulationParams, float, float, float, float)/2216 -> Cell Landscape::operator[](std::pair<unsigned int, unsigned int>) const/3362, function body not available
srcVect/spread_functions.cpp:81:27: missed:   not inlinable: Fire simulate_fire(const Landscape&, const std::vector<std::pair<unsigned int, unsigned int> >&, SimulationParams, float, float, float, float)/2216 -> double omp_get_wtime()/3361, function body not available
srcVect/spread_functions.cpp:39:38: missed:   not inlinable: float spread_probability(const Cell&, const Cell&, float, float, float, float, float, float, float, float, float, float, float, float, float, float)/2182 -> double exp(double)/3360, function body not available
srcVect/spread_functions.cpp:21:24: missed:   not inlinable: float spread_probability(const Cell&, const Cell&, float, float, float, float, float, float, float, float, float, float, float, float, float, float)/2182 -> double cos(double)/3359, function body not available
srcVect/spread_functions.cpp:20:25: missed:   not inlinable: float spread_probability(const Cell&, const Cell&, float, float, float, float, float, float, float, float, float, float, float, float, float, float)/2182 -> double sin(double)/3358, function body not available
srcVect/spread_functions.cpp:20:25: missed:   not inlinable: float spread_probability(const Cell&, const Cell&, float, float, float, float, float, float, float, float, float, float, float, float, float, float)/2182 -> double atan(double)/3357, function body not available
srcVect/spread_functions.cpp:131:35: missed: statement clobbers memory: _36 = spread_probability (&D.80688, _35, _34, _33, _32, _31, _30, _29, _28, _27, _26, _25, distance_156(D), elevation_mean_157(D), elevation_sd_158(D), upper_limit_159(D));
srcVect/spread_functions.cpp:120:71: missed: statement clobbers memory: neighbour_cell_list[i_51] = Landscape::operator[] (landscape_82(D), D.81007); [return slot optimization]
srcVect/spread_functions.cpp:128:13: missed: couldn't vectorize loop
srcVect/spread_functions.cpp:128:13: missed: not vectorized: control flow in loop.
srcVect/spread_functions.cpp:115:41: missed: couldn't vectorize loop
srcVect/spread_functions.cpp:115:41: missed: not vectorized: control flow in loop.
srcVect/spread_functions.cpp:20:42: missed: failed: evolution of base is not affine.
srcVect/spread_functions.cpp:20:62: missed: failed: evolution of base is not affine.
srcVect/spread_functions.cpp:21:41: missed: failed: evolution of base is not affine.
srcVect/spread_functions.cpp:26:17: missed: failed: evolution of base is not affine.
srcVect/spread_functions.cpp:34:35: missed: failed: evolution of base is not affine.
srcVect/spread_functions.cpp:35:38: missed: failed: evolution of base is not affine.
srcVect/spread_functions.cpp:39:38: missed: statement clobbers memory: _52 = exp (_51);
srcVect/spread_functions.cpp:20:42: missed: couldn't vectorize loop
srcVect/spread_functions.cpp:20:42: missed: not vectorized: control flow in loop.
srcVect/spread_functions.cpp:20:42: missed: failed: evolution of base is not affine.
srcVect/spread_functions.cpp:20:62: missed: failed: evolution of base is not affine.
srcVect/spread_functions.cpp:21:41: missed: failed: evolution of base is not affine.
srcVect/spread_functions.cpp:26:17: missed: failed: evolution of base is not affine.
srcVect/spread_functions.cpp:34:35: missed: failed: evolution of base is not affine.
srcVect/spread_functions.cpp:35:38: missed: failed: evolution of base is not affine.
srcVect/spread_functions.cpp:39:38: missed: statement clobbers memory: _52 = exp (_51);
srcVect/spread_functions.cpp:14:7: missed: couldn't vectorize loop
srcVect/spread_functions.cpp:14:7: missed: not vectorized: control flow in loop.
srcVect/spread_functions.cpp:20:42: missed: failed: evolution of base is not affine.
srcVect/spread_functions.cpp:20:62: missed: failed: evolution of base is not affine.
srcVect/spread_functions.cpp:21:41: missed: failed: evolution of base is not affine.
srcVect/spread_functions.cpp:26:17: missed: failed: evolution of base is not affine.
srcVect/spread_functions.cpp:34:35: missed: failed: evolution of base is not affine.
srcVect/spread_functions.cpp:35:38: missed: failed: evolution of base is not affine.
srcVect/spread_functions.cpp:39:38: missed: statement clobbers memory: _52 = exp (_51);
srcVect/spread_functions.cpp:20:42: missed: couldn't vectorize loop
srcVect/spread_functions.cpp:20:42: missed: not vectorized: control flow in loop.
srcVect/spread_functions.cpp:20:42: missed: failed: evolution of base is not affine.
srcVect/spread_functions.cpp:20:62: missed: failed: evolution of base is not affine.
srcVect/spread_functions.cpp:21:41: missed: failed: evolution of base is not affine.
srcVect/spread_functions.cpp:26:17: missed: failed: evolution of base is not affine.
srcVect/spread_functions.cpp:34:35: missed: failed: evolution of base is not affine.
srcVect/spread_functions.cpp:35:38: missed: failed: evolution of base is not affine.
srcVect/spread_functions.cpp:39:38: missed: statement clobbers memory: _52 = exp (_51);
srcVect/spread_functions.cpp:14:7: missed: couldn't vectorize loop
srcVect/spread_functions.cpp:14:7: missed: not vectorized: control flow in loop.
srcVect/spread_functions.cpp:20:42: missed: failed: evolution of base is not affine.
srcVect/spread_functions.cpp:20:62: missed: failed: evolution of base is not affine.
srcVect/spread_functions.cpp:21:41: missed: failed: evolution of base is not affine.
srcVect/spread_functions.cpp:26:17: missed: failed: evolution of base is not affine.
srcVect/spread_functions.cpp:34:35: missed: failed: evolution of base is not affine.
srcVect/spread_functions.cpp:35:38: missed: failed: evolution of base is not affine.
srcVect/spread_functions.cpp:39:38: missed: statement clobbers memory: _52 = exp (_51);
srcVect/spread_functions.cpp:20:42: missed: couldn't vectorize loop
srcVect/spread_functions.cpp:20:42: missed: not vectorized: control flow in loop.
srcVect/spread_functions.cpp:20:42: missed: failed: evolution of base is not affine.
srcVect/spread_functions.cpp:20:62: missed: failed: evolution of base is not affine.
srcVect/spread_functions.cpp:21:41: missed: failed: evolution of base is not affine.
srcVect/spread_functions.cpp:26:17: missed: failed: evolution of base is not affine.
srcVect/spread_functions.cpp:34:35: missed: failed: evolution of base is not affine.
srcVect/spread_functions.cpp:35:38: missed: failed: evolution of base is not affine.
srcVect/spread_functions.cpp:39:38: missed: statement clobbers memory: _52 = exp (_51);
srcVect/spread_functions.cpp:14:7: missed: couldn't vectorize loop
srcVect/spread_functions.cpp:14:7: missed: not vectorized: control flow in loop.
srcVect/spread_functions.cpp:20:42: missed: failed: evolution of base is not affine.
srcVect/spread_functions.cpp:20:62: missed: failed: evolution of base is not affine.
srcVect/spread_functions.cpp:21:41: missed: failed: evolution of base is not affine.
srcVect/spread_functions.cpp:26:17: missed: failed: evolution of base is not affine.
srcVect/spread_functions.cpp:34:35: missed: failed: evolution of base is not affine.
srcVect/spread_functions.cpp:35:38: missed: failed: evolution of base is not affine.
srcVect/spread_functions.cpp:39:38: missed: statement clobbers memory: _52 = exp (_51);
srcVect/spread_functions.cpp:20:42: missed: couldn't vectorize loop
srcVect/spread_functions.cpp:20:42: missed: not vectorized: control flow in loop.
srcVect/spread_functions.cpp:20:42: missed: failed: evolution of base is not affine.
srcVect/spread_functions.cpp:20:62: missed: failed: evolution of base is not affine.
srcVect/spread_functions.cpp:21:41: missed: failed: evolution of base is not affine.
srcVect/spread_functions.cpp:26:17: missed: failed: evolution of base is not affine.
srcVect/spread_functions.cpp:34:35: missed: failed: evolution of base is not affine.
srcVect/spread_functions.cpp:35:38: missed: failed: evolution of base is not affine.
srcVect/spread_functions.cpp:39:38: missed: statement clobbers memory: _52 = exp (_51);
srcVect/spread_functions.cpp:14:7: missed: couldn't vectorize loop
srcVect/spread_functions.cpp:14:7: missed: not vectorized: control flow in loop.
